<?xml version="1.0" encoding="UTF-8" ?>
<testsuite failures="0" time="0.124" errors="0" skipped="0" tests="3" name="org.apache.mahout.pig.encoders.DirectVectorTest">
  <properties>
    <property name="java.runtime.name" value="Java(TM) SE Runtime Environment"/>
    <property name="sun.boot.library.path" value="/Library/Java/JavaVirtualMachines/1.6.0_29-b11-402.jdk/Contents/Libraries"/>
    <property name="java.vm.version" value="20.4-b02-402"/>
    <property name="awt.nativeDoubleBuffering" value="true"/>
    <property name="gopherProxySet" value="false"/>
    <property name="mrj.build" value="11M3527"/>
    <property name="java.vm.vendor" value="Apple Inc."/>
    <property name="java.vendor.url" value="http://www.apple.com/"/>
    <property name="path.separator" value=":"/>
    <property name="java.vm.name" value="Java HotSpot(TM) 64-Bit Server VM"/>
    <property name="file.encoding.pkg" value="sun.io"/>
    <property name="user.country" value="US"/>
    <property name="sun.java.launcher" value="SUN_STANDARD"/>
    <property name="sun.os.patch.level" value="unknown"/>
    <property name="java.vm.specification.name" value="Java Virtual Machine Specification"/>
    <property name="user.dir" value="/Users/ferdous/Code/java/pig-vector"/>
    <property name="java.runtime.version" value="1.6.0_29-b11-402-11M3527"/>
    <property name="java.awt.graphicsenv" value="apple.awt.CGraphicsEnvironment"/>
    <property name="basedir" value="/Users/ferdous/Code/java/pig-vector"/>
    <property name="java.endorsed.dirs" value="/Library/Java/JavaVirtualMachines/1.6.0_29-b11-402.jdk/Contents/Home/lib/endorsed"/>
    <property name="os.arch" value="x86_64"/>
    <property name="surefire.real.class.path" value="/Users/ferdous/Code/java/pig-vector/target/surefire/surefirebooter2213982949334295918.jar"/>
    <property name="java.io.tmpdir" value="/var/folders/5n/ks9j242x5_9d4n3400b8650h0000gp/T/"/>
    <property name="line.separator" value="
"/>
    <property name="java.vm.specification.vendor" value="Sun Microsystems Inc."/>
    <property name="os.name" value="Mac OS X"/>
    <property name="sun.jnu.encoding" value="MacRoman"/>
    <property name="java.library.path" value="/usr/local/mysql/lib:/usr/local/lib:.:/Library/Java/Extensions:/System/Library/Java/Extensions:/usr/lib/java"/>
    <property name="surefire.test.class.path" value="/Users/ferdous/Code/java/pig-vector/target/test-classes:/Users/ferdous/Code/java/pig-vector/target/classes:/Users/ferdous/.m2/repository/com/twitter/elephant-bird/2.1.3/elephant-bird-2.1.3.jar:/Users/ferdous/.m2/repository/org/apache/pig/pig/0.9.2/pig-0.9.2.jar:/Users/ferdous/.m2/repository/commons-cli/commons-cli/1.2/commons-cli-1.2.jar:/Users/ferdous/.m2/repository/xmlenc/xmlenc/0.52/xmlenc-0.52.jar:/Users/ferdous/.m2/repository/commons-httpclient/commons-httpclient/3.1/commons-httpclient-3.1.jar:/Users/ferdous/.m2/repository/commons-logging/commons-logging/1.0.4/commons-logging-1.0.4.jar:/Users/ferdous/.m2/repository/commons-codec/commons-codec/1.4/commons-codec-1.4.jar:/Users/ferdous/.m2/repository/commons-net/commons-net/1.4.1/commons-net-1.4.1.jar:/Users/ferdous/.m2/repository/org/mortbay/jetty/jetty/6.1.26/jetty-6.1.26.jar:/Users/ferdous/.m2/repository/org/mortbay/jetty/servlet-api/2.5-20081211/servlet-api-2.5-20081211.jar:/Users/ferdous/.m2/repository/org/mortbay/jetty/jetty-util/6.1.26/jetty-util-6.1.26.jar:/Users/ferdous/.m2/repository/tomcat/jasper-runtime/5.5.12/jasper-runtime-5.5.12.jar:/Users/ferdous/.m2/repository/tomcat/jasper-compiler/5.5.12/jasper-compiler-5.5.12.jar:/Users/ferdous/.m2/repository/org/mortbay/jetty/jsp-api-2.1/6.1.14/jsp-api-2.1-6.1.14.jar:/Users/ferdous/.m2/repository/org/mortbay/jetty/jsp-2.1/6.1.14/jsp-2.1-6.1.14.jar:/Users/ferdous/.m2/repository/org/eclipse/jdt/core/3.1.1/core-3.1.1.jar:/Users/ferdous/.m2/repository/ant/ant/1.6.5/ant-1.6.5.jar:/Users/ferdous/.m2/repository/commons-el/commons-el/1.0/commons-el-1.0.jar:/Users/ferdous/.m2/repository/net/java/dev/jets3t/jets3t/0.7.1/jets3t-0.7.1.jar:/Users/ferdous/.m2/repository/org/mortbay/jetty/servlet-api-2.5/6.1.14/servlet-api-2.5-6.1.14.jar:/Users/ferdous/.m2/repository/net/sf/kosmosfs/kfs/0.3/kfs-0.3.jar:/Users/ferdous/.m2/repository/junit/junit/4.8.1/junit-4.8.1.jar:/Users/ferdous/.m2/repository/hsqldb/hsqldb/1.8.0.10/hsqldb-1.8.0.10.jar:/Users/ferdous/.m2/repository/oro/oro/2.0.8/oro-2.0.8.jar:/Users/ferdous/.m2/repository/org/apache/hadoop/avro/1.3.2/avro-1.3.2.jar:/Users/ferdous/.m2/repository/com/thoughtworks/paranamer/paranamer/2.2/paranamer-2.2.jar:/Users/ferdous/.m2/repository/com/thoughtworks/paranamer/paranamer-ant/2.2/paranamer-ant-2.2.jar:/Users/ferdous/.m2/repository/com/thoughtworks/paranamer/paranamer-generator/2.2/paranamer-generator-2.2.jar:/Users/ferdous/.m2/repository/com/thoughtworks/qdox/qdox/1.10.1/qdox-1.10.1.jar:/Users/ferdous/.m2/repository/asm/asm/3.2/asm-3.2.jar:/Users/ferdous/.m2/repository/org/apache/mahout/mahout-core/0.6-SNAPSHOT/mahout-core-0.6-SNAPSHOT.jar:/Users/ferdous/.m2/repository/org/apache/mahout/mahout-math/0.6-SNAPSHOT/mahout-math-0.6-SNAPSHOT.jar:/Users/ferdous/.m2/repository/org/uncommons/maths/uncommons-maths/1.2.2/uncommons-maths-1.2.2.jar:/Users/ferdous/.m2/repository/jfree/jcommon/1.0.12/jcommon-1.0.12.jar:/Users/ferdous/.m2/repository/com/google/guava/guava/r09/guava-r09.jar:/Users/ferdous/.m2/repository/org/apache/mahout/mahout-collections/1.0/mahout-collections-1.0.jar:/Users/ferdous/.m2/repository/org/apache/hadoop/hadoop-core/0.20.204.0/hadoop-core-0.20.204.0.jar:/Users/ferdous/.m2/repository/commons-configuration/commons-configuration/1.6/commons-configuration-1.6.jar:/Users/ferdous/.m2/repository/commons-collections/commons-collections/3.2.1/commons-collections-3.2.1.jar:/Users/ferdous/.m2/repository/commons-digester/commons-digester/1.8/commons-digester-1.8.jar:/Users/ferdous/.m2/repository/commons-beanutils/commons-beanutils/1.7.0/commons-beanutils-1.7.0.jar:/Users/ferdous/.m2/repository/commons-beanutils/commons-beanutils-core/1.8.0/commons-beanutils-core-1.8.0.jar:/Users/ferdous/.m2/repository/org/codehaus/jackson/jackson-core-asl/1.8.2/jackson-core-asl-1.8.2.jar:/Users/ferdous/.m2/repository/org/codehaus/jackson/jackson-mapper-asl/1.8.2/jackson-mapper-asl-1.8.2.jar:/Users/ferdous/.m2/repository/org/slf4j/slf4j-api/1.6.1/slf4j-api-1.6.1.jar:/Users/ferdous/.m2/repository/commons-lang/commons-lang/2.6/commons-lang-2.6.jar:/Users/ferdous/.m2/repository/org/uncommons/watchmaker/watchmaker-framework/0.6.2/watchmaker-framework-0.6.2.jar:/Users/ferdous/.m2/repository/com/thoughtworks/xstream/xstream/1.3.1/xstream-1.3.1.jar:/Users/ferdous/.m2/repository/xpp3/xpp3_min/1.1.4c/xpp3_min-1.1.4c.jar:/Users/ferdous/.m2/repository/org/apache/lucene/lucene-core/3.4.0/lucene-core-3.4.0.jar:/Users/ferdous/.m2/repository/org/apache/lucene/lucene-analyzers/3.4.0/lucene-analyzers-3.4.0.jar:/Users/ferdous/.m2/repository/org/apache/mahout/commons/commons-cli/2.0-mahout/commons-cli-2.0-mahout.jar:/Users/ferdous/.m2/repository/org/apache/commons/commons-math/2.2/commons-math-2.2.jar:/Users/ferdous/.m2/repository/org/antlr/antlr/3.4/antlr-3.4.jar:/Users/ferdous/.m2/repository/org/antlr/antlr-runtime/3.4/antlr-runtime-3.4.jar:/Users/ferdous/.m2/repository/org/antlr/stringtemplate/3.2.1/stringtemplate-3.2.1.jar:/Users/ferdous/.m2/repository/antlr/antlr/2.7.7/antlr-2.7.7.jar:/Users/ferdous/.m2/repository/org/antlr/ST4/4.0.4/ST4-4.0.4.jar:"/>
    <property name="java.specification.name" value="Java Platform API Specification"/>
    <property name="java.class.version" value="50.0"/>
    <property name="sun.management.compiler" value="HotSpot 64-Bit Tiered Compilers"/>
    <property name="os.version" value="10.7.2"/>
    <property name="http.nonProxyHosts" value="local|*.local|169.254/16|*.169.254/16"/>
    <property name="user.home" value="/Users/ferdous"/>
    <property name="user.timezone" value=""/>
    <property name="java.awt.printerjob" value="apple.awt.CPrinterJob"/>
    <property name="java.specification.version" value="1.6"/>
    <property name="file.encoding" value="MacRoman"/>
    <property name="user.name" value="ferdous"/>
    <property name="java.class.path" value="/Users/ferdous/Code/java/pig-vector/target/test-classes:/Users/ferdous/Code/java/pig-vector/target/classes:/Users/ferdous/.m2/repository/com/twitter/elephant-bird/2.1.3/elephant-bird-2.1.3.jar:/Users/ferdous/.m2/repository/org/apache/pig/pig/0.9.2/pig-0.9.2.jar:/Users/ferdous/.m2/repository/commons-cli/commons-cli/1.2/commons-cli-1.2.jar:/Users/ferdous/.m2/repository/xmlenc/xmlenc/0.52/xmlenc-0.52.jar:/Users/ferdous/.m2/repository/commons-httpclient/commons-httpclient/3.1/commons-httpclient-3.1.jar:/Users/ferdous/.m2/repository/commons-logging/commons-logging/1.0.4/commons-logging-1.0.4.jar:/Users/ferdous/.m2/repository/commons-codec/commons-codec/1.4/commons-codec-1.4.jar:/Users/ferdous/.m2/repository/commons-net/commons-net/1.4.1/commons-net-1.4.1.jar:/Users/ferdous/.m2/repository/org/mortbay/jetty/jetty/6.1.26/jetty-6.1.26.jar:/Users/ferdous/.m2/repository/org/mortbay/jetty/servlet-api/2.5-20081211/servlet-api-2.5-20081211.jar:/Users/ferdous/.m2/repository/org/mortbay/jetty/jetty-util/6.1.26/jetty-util-6.1.26.jar:/Users/ferdous/.m2/repository/tomcat/jasper-runtime/5.5.12/jasper-runtime-5.5.12.jar:/Users/ferdous/.m2/repository/tomcat/jasper-compiler/5.5.12/jasper-compiler-5.5.12.jar:/Users/ferdous/.m2/repository/org/mortbay/jetty/jsp-api-2.1/6.1.14/jsp-api-2.1-6.1.14.jar:/Users/ferdous/.m2/repository/org/mortbay/jetty/jsp-2.1/6.1.14/jsp-2.1-6.1.14.jar:/Users/ferdous/.m2/repository/org/eclipse/jdt/core/3.1.1/core-3.1.1.jar:/Users/ferdous/.m2/repository/ant/ant/1.6.5/ant-1.6.5.jar:/Users/ferdous/.m2/repository/commons-el/commons-el/1.0/commons-el-1.0.jar:/Users/ferdous/.m2/repository/net/java/dev/jets3t/jets3t/0.7.1/jets3t-0.7.1.jar:/Users/ferdous/.m2/repository/org/mortbay/jetty/servlet-api-2.5/6.1.14/servlet-api-2.5-6.1.14.jar:/Users/ferdous/.m2/repository/net/sf/kosmosfs/kfs/0.3/kfs-0.3.jar:/Users/ferdous/.m2/repository/junit/junit/4.8.1/junit-4.8.1.jar:/Users/ferdous/.m2/repository/hsqldb/hsqldb/1.8.0.10/hsqldb-1.8.0.10.jar:/Users/ferdous/.m2/repository/oro/oro/2.0.8/oro-2.0.8.jar:/Users/ferdous/.m2/repository/org/apache/hadoop/avro/1.3.2/avro-1.3.2.jar:/Users/ferdous/.m2/repository/com/thoughtworks/paranamer/paranamer/2.2/paranamer-2.2.jar:/Users/ferdous/.m2/repository/com/thoughtworks/paranamer/paranamer-ant/2.2/paranamer-ant-2.2.jar:/Users/ferdous/.m2/repository/com/thoughtworks/paranamer/paranamer-generator/2.2/paranamer-generator-2.2.jar:/Users/ferdous/.m2/repository/com/thoughtworks/qdox/qdox/1.10.1/qdox-1.10.1.jar:/Users/ferdous/.m2/repository/asm/asm/3.2/asm-3.2.jar:/Users/ferdous/.m2/repository/org/apache/mahout/mahout-core/0.6-SNAPSHOT/mahout-core-0.6-SNAPSHOT.jar:/Users/ferdous/.m2/repository/org/apache/mahout/mahout-math/0.6-SNAPSHOT/mahout-math-0.6-SNAPSHOT.jar:/Users/ferdous/.m2/repository/org/uncommons/maths/uncommons-maths/1.2.2/uncommons-maths-1.2.2.jar:/Users/ferdous/.m2/repository/jfree/jcommon/1.0.12/jcommon-1.0.12.jar:/Users/ferdous/.m2/repository/com/google/guava/guava/r09/guava-r09.jar:/Users/ferdous/.m2/repository/org/apache/mahout/mahout-collections/1.0/mahout-collections-1.0.jar:/Users/ferdous/.m2/repository/org/apache/hadoop/hadoop-core/0.20.204.0/hadoop-core-0.20.204.0.jar:/Users/ferdous/.m2/repository/commons-configuration/commons-configuration/1.6/commons-configuration-1.6.jar:/Users/ferdous/.m2/repository/commons-collections/commons-collections/3.2.1/commons-collections-3.2.1.jar:/Users/ferdous/.m2/repository/commons-digester/commons-digester/1.8/commons-digester-1.8.jar:/Users/ferdous/.m2/repository/commons-beanutils/commons-beanutils/1.7.0/commons-beanutils-1.7.0.jar:/Users/ferdous/.m2/repository/commons-beanutils/commons-beanutils-core/1.8.0/commons-beanutils-core-1.8.0.jar:/Users/ferdous/.m2/repository/org/codehaus/jackson/jackson-core-asl/1.8.2/jackson-core-asl-1.8.2.jar:/Users/ferdous/.m2/repository/org/codehaus/jackson/jackson-mapper-asl/1.8.2/jackson-mapper-asl-1.8.2.jar:/Users/ferdous/.m2/repository/org/slf4j/slf4j-api/1.6.1/slf4j-api-1.6.1.jar:/Users/ferdous/.m2/repository/commons-lang/commons-lang/2.6/commons-lang-2.6.jar:/Users/ferdous/.m2/repository/org/uncommons/watchmaker/watchmaker-framework/0.6.2/watchmaker-framework-0.6.2.jar:/Users/ferdous/.m2/repository/com/thoughtworks/xstream/xstream/1.3.1/xstream-1.3.1.jar:/Users/ferdous/.m2/repository/xpp3/xpp3_min/1.1.4c/xpp3_min-1.1.4c.jar:/Users/ferdous/.m2/repository/org/apache/lucene/lucene-core/3.4.0/lucene-core-3.4.0.jar:/Users/ferdous/.m2/repository/org/apache/lucene/lucene-analyzers/3.4.0/lucene-analyzers-3.4.0.jar:/Users/ferdous/.m2/repository/org/apache/mahout/commons/commons-cli/2.0-mahout/commons-cli-2.0-mahout.jar:/Users/ferdous/.m2/repository/org/apache/commons/commons-math/2.2/commons-math-2.2.jar:/Users/ferdous/.m2/repository/org/antlr/antlr/3.4/antlr-3.4.jar:/Users/ferdous/.m2/repository/org/antlr/antlr-runtime/3.4/antlr-runtime-3.4.jar:/Users/ferdous/.m2/repository/org/antlr/stringtemplate/3.2.1/stringtemplate-3.2.1.jar:/Users/ferdous/.m2/repository/antlr/antlr/2.7.7/antlr-2.7.7.jar:/Users/ferdous/.m2/repository/org/antlr/ST4/4.0.4/ST4-4.0.4.jar:"/>
    <property name="java.vm.specification.version" value="1.0"/>
    <property name="sun.arch.data.model" value="64"/>
    <property name="java.home" value="/Library/Java/JavaVirtualMachines/1.6.0_29-b11-402.jdk/Contents/Home"/>
    <property name="sun.java.command" value="/Users/ferdous/Code/java/pig-vector/target/surefire/surefirebooter2213982949334295918.jar /Users/ferdous/Code/java/pig-vector/target/surefire/surefire530653958864161093tmp /Users/ferdous/Code/java/pig-vector/target/surefire/surefire4759784346957792394tmp"/>
    <property name="java.specification.vendor" value="Sun Microsystems Inc."/>
    <property name="user.language" value="en"/>
    <property name="awt.toolkit" value="apple.awt.CToolkit"/>
    <property name="java.vm.info" value="mixed mode"/>
    <property name="java.version" value="1.6.0_29"/>
    <property name="java.ext.dirs" value="/Library/Java/Extensions:/System/Library/Java/Extensions:/Library/Java/JavaVirtualMachines/1.6.0_29-b11-402.jdk/Contents/Home/lib/ext"/>
    <property name="sun.boot.class.path" value="/Library/Java/JavaVirtualMachines/1.6.0_29-b11-402.jdk/Contents/Classes/jsfd.jar:/Library/Java/JavaVirtualMachines/1.6.0_29-b11-402.jdk/Contents/Classes/classes.jar:/System/Library/Frameworks/JavaVM.framework/Frameworks/JavaRuntimeSupport.framework/Resources/Java/JavaRuntimeSupport.jar:/Library/Java/JavaVirtualMachines/1.6.0_29-b11-402.jdk/Contents/Classes/ui.jar:/Library/Java/JavaVirtualMachines/1.6.0_29-b11-402.jdk/Contents/Classes/laf.jar:/Library/Java/JavaVirtualMachines/1.6.0_29-b11-402.jdk/Contents/Classes/sunrsasign.jar:/Library/Java/JavaVirtualMachines/1.6.0_29-b11-402.jdk/Contents/Classes/jsse.jar:/Library/Java/JavaVirtualMachines/1.6.0_29-b11-402.jdk/Contents/Classes/jce.jar:/Library/Java/JavaVirtualMachines/1.6.0_29-b11-402.jdk/Contents/Classes/charsets.jar"/>
    <property name="java.vendor" value="Apple Inc."/>
    <property name="localRepository" value="/Users/ferdous/.m2/repository"/>
    <property name="file.separator" value="/"/>
    <property name="java.vendor.url.bug" value="http://bugreport.apple.com/"/>
    <property name="sun.cpu.endian" value="little"/>
    <property name="sun.io.unicode.encoding" value="UnicodeLittle"/>
    <property name="mrj.version" value="1070.1.6.0_29-402"/>
    <property name="socksNonProxyHosts" value="local|*.local|169.254/16|*.169.254/16"/>
    <property name="ftp.nonProxyHosts" value="local|*.local|169.254/16|*.169.254/16"/>
    <property name="sun.cpu.isalist" value=""/>
  </properties>
  <testcase time="0.084" classname="org.apache.mahout.pig.encoders.DirectVectorTest" name="testEncoding"/>
  <testcase time="0" classname="org.apache.mahout.pig.encoders.DirectVectorTest" name="testWrongSize"/>
  <testcase time="0" classname="org.apache.mahout.pig.encoders.DirectVectorTest" name="testNullAsNaN"/>
</testsuite>